********************************************************************************
DUPLICATOR-LITE PACKAGE-LOG: 25 de December de 2020 00:34
NOTICE: Do NOT post to public sites or forums 
********************************************************************************
VERSION:	1.3.40.1
WORDPRESS:	5.5.3
PHP INFO:	7.4.3 | SAPI: apache2handler
SERVER:		Apache/2.4.41 (Ubuntu) 
PHP TIME LIMIT: (0) no time limit imposed 
PHP MAX MEMORY: 4294967296 (256M default) 
MEMORY STACK: 4MB

********************************************************************************
DATABASE:
********************************************************************************
BUILD MODE:   MYSQLDUMP
MYSQLTIMEOUT: 5000
MYSQLDUMP:    Is Supported
SQL CREATED: 20201224_reservistasativos_845476822a6159b59871_20201225003447_database.sql
SQL FILE SIZE: 2.68MB (2811484)
SQL FILE TIME: 2020-12-25 00:34:56
SQL RUNTIME: 0.20 sec.

********************************************************************************
ARCHIVE (ZIP):
********************************************************************************
ARCHIVE DIR:  /var/www/html/reservista-ativo/site
ARCHIVE FILE: 20201224_reservistasativos_845476822a6159b59871_20201225003447_archive.zip
FILTERS: *OFF*
DIRS:
	not set
FILES:
	not set
EXTS:  not set
----------------------------------------
COMPRESSING
SIZE:	133.02MB
STATS:	Dirs 887 | Files 5,852
SQL ADDED: 20201224_reservistasativos_845476822a6159b59871_20201225003447_database.sql
ZipArchive Object
(
    [status] => 0
    [statusSys] => 0
    [numFiles] => 6739
    [filename] => /var/www/html/reservista-ativo/site/wp-content/backups-dup-lite/tmp/20201224_reservistasativos_845476822a6159b59871_20201225003447_archive.zip
    [comment] => 
)

FILE ADDED TO ZIP: 6738
COMPRESSION RESULT: '1'
COMPRESSED SIZE: 64.24MB
ARCHIVE RUNTIME: 10.83 sec.
MEMORY STACK: 6MB
building installer
add_extra_files1
add_extra_files2
add_extra_files3
add_extra_files4
Doing archive file check
add_extra_files5
add_extra_files6
add_extra_files8
Successfully opened zip /var/www/html/reservista-ativo/site/wp-content/backups-dup-lite/tmp/20201224_reservistasativos_845476822a6159b59871_20201225003447_archive.zip
Adding enhanced installer files to archive using ZipArchive
Installer files added to archive
Added to archive
After ziparchive close when adding installer

********************************************************************************
INTEGRITY CHECKS:
********************************************************************************
SQL FILE: 2.68MB
INSTALLER FILE: 61.3KB
ARCHIVE FILE: 65.76MB 
EXPECTED FILE/DIRECTORY COUNT: 6,739
ACTUAL FILE/DIRECTORY COUNT: 6,738
ARCHIVE CONSISTENCY TEST: Pass

********************************************************************************
RECORD ID:[2]
TOTAL PROCESS RUNTIME: 11.84 sec.
PEAK PHP MEMORY USED: 6MB
DONE PROCESSING => 20201224_reservistasativos 25 de December de 2020 00:35

