********************************************************************************
DUPLICATOR-LITE PACKAGE-LOG: 17 de January de 2021 02:07
NOTICE: Do NOT post to public sites or forums 
********************************************************************************
VERSION:	1.3.40.1
WORDPRESS:	5.5.3
PHP INFO:	7.4.3 | SAPI: apache2handler
SERVER:		Apache/2.4.41 (Ubuntu) 
PHP TIME LIMIT: (0) no time limit imposed 
PHP MAX MEMORY: 4294967296 (256M default) 
MEMORY STACK: 4MB
[CTRL DUP ARCIVE] PACKAGE AS NEW ID 2 SAVED | STATUS:0
[DUP ARCHIVE] BUILDING DATABASE

********************************************************************************
DATABASE:
********************************************************************************
BUILD MODE:   MYSQLDUMP
MYSQLTIMEOUT: 5000
MYSQLDUMP:    Is Supported
SQL CREATED: 20210105_reservistasativos_producao_eb912cae4c4060517374_20210117020607_database.sql
SQL FILE SIZE: 2.09MB (2195340)
SQL FILE TIME: 2021-01-17 02:07:18
SQL RUNTIME: 0.30 sec.
[DUP ARCHIVE] VALIDATING DATABASE
[DUP ARCHIVE] DONE DATABASE

********************************************************************************
ARCHIVE Type=DUP Mode=DupArchive
********************************************************************************
ARCHIVE DIR:  /var/www/html/reservistas-ativos/site
ARCHIVE FILE: 20210105_reservistasativos_producao_eb912cae4c4060517374_20210117020607_archive.daf
FILTERS: *OFF*
DIRS:
	not set
FILES:
	not set
EXTS:  not set
----------------------------------------
COMPRESSING
SIZE:	137.54MB
STATS:	Dirs 889 | Files 5,907 | Total 6,796
[DUP ARCHIVE] DONE ARCHIVE
[DUP ARCHIVE] DONE ARCHIVE
building installer
add_extra_files1
add_extra_files2
add_extra_files3
add_extra_files4
Doing archive file check
add_extra_files5
add_extra_files6
add_extra_files7
add_extra_files_using_da1
Adding enhanced installer files to archive using DupArchive
[DUP ARCHIVE] DONE ARCHIVE
COMPRESSED SIZE: 73.36MB
ARCHIVE RUNTIME: 19.41 sec.
MEMORY STACK: 4MB
CREATE WARNINGS: No warnings.
VALIDATION WARNINGS: No warnings.
[DUP ARCHIVE] DONE ARCHIVE
[DUP ARCHIVE] HAS COMPLETED CLOSING
[DUP ARCHIVE] DUP ARCHIVE INTEGRITY CHECK

********************************************************************************
INTEGRITY CHECKS:
********************************************************************************
SQL FILE: 2.09MB
INSTALLER FILE: 75.17KB
ARCHIVE FILE: 73.36MB 
EXPECTED FILE/DIRECTORY COUNT: 6,979
ACTUAL FILE/DIRECTORY COUNT: 6,979

********************************************************************************
RECORD ID:[2]
TOTAL PROCESS RUNTIME: 19.42 sec.
PEAK PHP MEMORY USED: 4MB
DONE PROCESSING => 20210105_reservistasativos_producao 2021-01-17 02:07:37

